<?xml version="1.0" encoding="UTF-8"?>
<!-- Generated by org.testng.reporters.JUnitReportReporter -->
<testsuite hostname="DESKTOP-6M9GUQS" failures="0" tests="1" name="nnnow_API.NNNOW_RESTAPI.LoginUserExistAPI" time="3.370" errors="0" timestamp="2020-08-11T11:43:38 IST" skipped="0">
  <testcase classname="nnnow_API.NNNOW_RESTAPI.LoginUserExistAPI" name="userexist" time="3.370"/>
</testsuite> <!-- nnnow_API.NNNOW_RESTAPI.LoginUserExistAPI -->
